#
# There is insufficient memory for the Java Runtime Environment to continue.
# Native memory allocation (malloc) failed to allocate 1302896 bytes for Chunk::new
# Possible reasons:
#   The system is out of physical RAM or swap space
#   In 32 bit mode, the process size limit was hit
# Possible solutions:
#   Reduce memory load on the system
#   Increase physical memory or swap space
#   Check if swap backing store is full
#   Use 64 bit Java on a 64 bit OS
#   Decrease Java heap size (-Xmx/-Xms)
#   Decrease number of Java threads
#   Decrease Java thread stack sizes (-Xss)
#   Set larger code cache with -XX:ReservedCodeCacheSize=
# This output file may be truncated or incomplete.
#
#  Out of Memory Error (allocation.cpp:390), pid=6044, tid=6156
#
# JRE version: Java(TM) SE Runtime Environment (8.0_74-b02) (build 1.8.0_74-b02)
# Java VM: Java HotSpot(TM) 64-Bit Server VM (25.74-b02 mixed mode windows-amd64 compressed oops)
# Failed to write core dump. Minidumps are not enabled by default on client versions of Windows
#

---------------  T H R E A D  ---------------

Current thread (0x000000001c015800):  JavaThread "C2 CompilerThread1" daemon [_thread_in_native, id=6156, stack(0x000000001d730000,0x000000001d830000)]

Stack: [0x000000001d730000,0x000000001d830000]
[error occurred during error reporting (printing stack bounds), id 0xc0000005]

Native frames: (J=compiled Java code, j=interpreted, Vv=VM code, C=native code)


Current CompileTask:
C2: 285956 4179   !   4       com.android.dx.cf.code.Ropper::processBlock (1101 bytes)


---------------  P R O C E S S  ---------------

Java Threads: ( => current thread )
  0x000000001f44f800 JavaThread "pool-1-thread-1" [_thread_in_native, id=7156, stack(0x000000001fc00000,0x000000001fd00000)]
  0x000000001e2f9800 JavaThread "pool-2-thread-4" [_thread_blocked, id=4876, stack(0x000000001fb00000,0x000000001fc00000)]
  0x000000001e2f8800 JavaThread "pool-2-thread-3" [_thread_blocked, id=5604, stack(0x000000001fa00000,0x000000001fb00000)]
  0x000000001e2f8000 JavaThread "pool-2-thread-2" [_thread_blocked, id=5860, stack(0x000000001f900000,0x000000001fa00000)]
  0x000000001e3fb800 JavaThread "pool-3-thread-1" [_thread_blocked, id=6200, stack(0x000000001f800000,0x000000001f900000)]
  0x000000001e730800 JavaThread "pool-2-thread-1" [_thread_blocked, id=5888, stack(0x000000001f700000,0x000000001f800000)]
  0x000000001d961800 JavaThread "Service Thread" daemon [_thread_blocked, id=4316, stack(0x000000001dd30000,0x000000001de30000)]
  0x000000001c018800 JavaThread "C1 CompilerThread2" daemon [_thread_blocked, id=5536, stack(0x000000001d830000,0x000000001d930000)]
=>0x000000001c015800 JavaThread "C2 CompilerThread1" daemon [_thread_in_native, id=6156, stack(0x000000001d730000,0x000000001d830000)]
  0x000000001c00f800 JavaThread "C2 CompilerThread0" daemon [_thread_blocked, id=6940, stack(0x000000001d630000,0x000000001d730000)]
  0x000000001c00b000 JavaThread "Attach Listener" daemon [_thread_blocked, id=7088, stack(0x000000001d530000,0x000000001d630000)]
  0x000000001c00a000 JavaThread "Signal Dispatcher" daemon [_thread_blocked, id=6888, stack(0x000000001d430000,0x000000001d530000)]
  0x000000000293a000 JavaThread "Finalizer" daemon [_thread_blocked, id=7164, stack(0x000000001d260000,0x000000001d360000)]
  0x000000000292f000 JavaThread "Reference Handler" daemon [_thread_blocked, id=52, stack(0x000000001d160000,0x000000001d260000)]
  0x0000000002842800 JavaThread "main" [_thread_in_native, id=6956, stack(0x0000000002370000,0x0000000002470000)]

Other Threads:
  0x000000001bfd8000 VMThread [stack: 0x000000001d060000,0x000000001d160000] [id=6416]
  0x000000001d98c800 WatcherThread [stack: 0x000000001de30000,0x000000001df30000] [id=7036]

VM state:not at safepoint (normal execution)

VM Mutex/Monitor currently owned by a thread: None

Heap:
 PSYoungGen      total 666112K, used 362955K [0x000000076ab00000, 0x00000007a3a00000, 0x00000007c0000000)
  eden space 456192K, 41% used [0x000000076ab00000,0x000000077654eca8,0x0000000786880000)
  from space 209920K, 82% used [0x0000000786880000,0x00000007910a4000,0x0000000793580000)
  to   space 229376K, 0% used [0x0000000795a00000,0x0000000795a00000,0x00000007a3a00000)
 ParOldGen       total 839168K, used 643709K [0x00000006c0000000, 0x00000006f3380000, 0x000000076ab00000)
  object space 839168K, 76% used [0x00000006c0000000,0x00000006e749f418,0x00000006f3380000)
 Metaspace       used 7271K, capacity 7864K, committed 8192K, reserved 1056768K
  class space    used 654K, capacity 688K, committed 768K, reserved 1048576K

Card table byte_map: [0x0000000011d00000,0x0000000012510000] byte_map_base: 0x000000000e700000

Marking Bits: (ParMarkBitMap*) 0x0000000067dd0600
 Begin Bits: [0x0000000012e70000, 0x0000000016e70000)
 End Bits:   [0x0000000016e70000, 0x000000001ae70000)

Polling page: 0x0000000000b60000

CodeCache: size=245760Kb used=13759Kb max_used=14224Kb free=232000Kb
 bounds [0x0000000002940000, 0x0000000003780000, 0x0000000011940000]
 total_blobs=3346 nmethods=3075 adapters=183
 compilation: enabled

Compilation events (10 events):
Event: 284.991 Thread 0x000000001c018800 nmethod 4171 0x000000000307be90 code [0x000000000307ca20, 0x0000000003086698]
Event: 284.991 Thread 0x000000001c018800 4173       1       com.android.dx.cf.code.ByteCatchList$Item::getHandlerPc (5 bytes)
Event: 284.991 Thread 0x000000001c018800 nmethod 4173 0x00000000034b0fd0 code [0x00000000034b1120, 0x00000000034b1230]
Event: 284.991 Thread 0x000000001c018800 4176       1       com.android.dx.cf.code.RopperMachine::canThrow (5 bytes)
Event: 284.991 Thread 0x000000001c00f800 nmethod 4177 0x00000000034b2a50 code [0x00000000034b2ba0, 0x00000000034b2cf8]
Event: 284.991 Thread 0x000000001c018800 nmethod 4176 0x00000000034b2790 code [0x00000000034b28e0, 0x00000000034b29f0]
Event: 284.992 Thread 0x000000001c015800 nmethod 4172 0x00000000034b1610 code [0x00000000034b17c0, 0x00000000034b2198]
Event: 285.005 Thread 0x000000001c00f800 4178       4       com.android.dx.rop.type.Type::getComponentType (70 bytes)
Event: 285.013 Thread 0x000000001c00f800 nmethod 4178 0x00000000034ac310 code [0x00000000034ac480, 0x00000000034ac8e8]
Event: 285.138 Thread 0x000000001c015800 4179   !   4       com.android.dx.cf.code.Ropper::processBlock (1101 bytes)

GC Heap History (10 events):
Event: 188.153 GC heap before
{Heap before GC invocations=27 (full 6):
 PSYoungGen      total 560128K, used 147956K [0x000000076ab00000, 0x000000079c600000, 0x00000007c0000000)
  eden space 412160K, 0% used [0x000000076ab00000,0x000000076ab00000,0x0000000783d80000)
  from space 147968K, 99% used [0x0000000783d80000,0x000000078cdfd220,0x000000078ce00000)
  to   space 190976K, 0% used [0x0000000790b80000,0x0000000790b80000,0x000000079c600000)
 ParOldGen       total 601600K, used 523437K [0x00000006c0000000, 0x00000006e4b80000, 0x000000076ab00000)
  object space 601600K, 87% used [0x00000006c0000000,0x00000006dff2b7b0,0x00000006e4b80000)
 Metaspace       used 6672K, capacity 7320K, committed 7680K, reserved 1056768K
  class space    used 629K, capacity 656K, committed 768K, reserved 1048576K
Event: 191.877 GC heap after
Heap after GC invocations=27 (full 6):
 PSYoungGen      total 560128K, used 66883K [0x000000076ab00000, 0x000000079c600000, 0x00000007c0000000)
  eden space 412160K, 0% used [0x000000076ab00000,0x000000076ab00000,0x0000000783d80000)
  from space 147968K, 45% used [0x0000000783d80000,0x0000000787ed0c30,0x000000078ce00000)
  to   space 190976K, 0% used [0x0000000790b80000,0x0000000790b80000,0x000000079c600000)
 ParOldGen       total 839168K, used 601536K [0x00000006c0000000, 0x00000006f3380000, 0x000000076ab00000)
  object space 839168K, 71% used [0x00000006c0000000,0x00000006e4b701e8,0x00000006f3380000)
 Metaspace       used 6672K, capacity 7320K, committed 7680K, reserved 1056768K
  class space    used 629K, capacity 656K, committed 768K, reserved 1048576K
}
Event: 193.749 GC heap before
{Heap before GC invocations=28 (full 6):
 PSYoungGen      total 560128K, used 479043K [0x000000076ab00000, 0x000000079c600000, 0x00000007c0000000)
  eden space 412160K, 100% used [0x000000076ab00000,0x0000000783d80000,0x0000000783d80000)
  from space 147968K, 45% used [0x0000000783d80000,0x0000000787ed0c30,0x000000078ce00000)
  to   space 190976K, 0% used [0x0000000790b80000,0x0000000790b80000,0x000000079c600000)
 ParOldGen       total 839168K, used 601536K [0x00000006c0000000, 0x00000006f3380000, 0x000000076ab00000)
  object space 839168K, 71% used [0x00000006c0000000,0x00000006e4b701e8,0x00000006f3380000)
 Metaspace       used 6672K, capacity 7320K, committed 7680K, reserved 1056768K
  class space    used 629K, capacity 656K, committed 768K, reserved 1048576K
Event: 194.016 GC heap after
Heap after GC invocations=28 (full 6):
 PSYoungGen      total 622592K, used 106905K [0x000000076ab00000, 0x000000079ce80000, 0x00000007c0000000)
  eden space 431616K, 0% used [0x000000076ab00000,0x000000076ab00000,0x0000000785080000)
  from space 190976K, 55% used [0x0000000790b80000,0x00000007973e6538,0x000000079c600000)
  to   space 191488K, 0% used [0x0000000785080000,0x0000000785080000,0x0000000790b80000)
 ParOldGen       total 839168K, used 643709K [0x00000006c0000000, 0x00000006f3380000, 0x000000076ab00000)
  object space 839168K, 76% used [0x00000006c0000000,0x00000006e749f418,0x00000006f3380000)
 Metaspace       used 6672K, capacity 7320K, committed 7680K, reserved 1056768K
  class space    used 629K, capacity 656K, committed 768K, reserved 1048576K
}
Event: 195.864 GC heap before
{Heap before GC invocations=29 (full 6):
 PSYoungGen      total 622592K, used 538521K [0x000000076ab00000, 0x000000079ce80000, 0x00000007c0000000)
  eden space 431616K, 100% used [0x000000076ab00000,0x0000000785080000,0x0000000785080000)
  from space 190976K, 55% used [0x0000000790b80000,0x00000007973e6538,0x000000079c600000)
  to   space 191488K, 0% used [0x0000000785080000,0x0000000785080000,0x0000000790b80000)
 ParOldGen       total 839168K, used 643709K [0x00000006c0000000, 0x00000006f3380000, 0x000000076ab00000)
  object space 839168K, 76% used [0x00000006c0000000,0x00000006e749f418,0x00000006f3380000)
 Metaspace       used 6672K, capacity 7320K, committed 7680K, reserved 1056768K
  class space    used 629K, capacity 656K, committed 768K, reserved 1048576K
Event: 195.973 GC heap after
Heap after GC invocations=29 (full 6):
 PSYoungGen      total 623104K, used 131171K [0x000000076ab00000, 0x000000079f980000, 0x00000007c0000000)
  eden space 431616K, 0% used [0x000000076ab00000,0x000000076ab00000,0x0000000785080000)
  from space 191488K, 68% used [0x0000000785080000,0x000000078d098df0,0x0000000790b80000)
  to   space 200704K, 0% used [0x0000000793580000,0x0000000793580000,0x000000079f980000)
 ParOldGen       total 839168K, used 643709K [0x00000006c0000000, 0x00000006f3380000, 0x000000076ab00000)
  object space 839168K, 76% used [0x00000006c0000000,0x00000006e749f418,0x00000006f3380000)
 Metaspace       used 6672K, capacity 7320K, committed 7680K, reserved 1056768K
  class space    used 629K, capacity 656K, committed 768K, reserved 1048576K
}
Event: 217.976 GC heap before
{Heap before GC invocations=30 (full 6):
 PSYoungGen      total 623104K, used 562787K [0x000000076ab00000, 0x000000079f980000, 0x00000007c0000000)
  eden space 431616K, 100% used [0x000000076ab00000,0x0000000785080000,0x0000000785080000)
  from space 191488K, 68% used [0x0000000785080000,0x000000078d098df0,0x0000000790b80000)
  to   space 200704K, 0% used [0x0000000793580000,0x0000000793580000,0x000000079f980000)
 ParOldGen       total 839168K, used 643709K [0x00000006c0000000, 0x00000006f3380000, 0x000000076ab00000)
  object space 839168K, 76% used [0x00000006c0000000,0x00000006e749f418,0x00000006f3380000)
 Metaspace       used 6673K, capacity 7320K, committed 7680K, reserved 1056768K
  class space    used 629K, capacity 656K, committed 768K, reserved 1048576K
Event: 218.149 GC heap after
Heap after GC invocations=30 (full 6):
 PSYoungGen      total 656896K, used 138857K [0x000000076ab00000, 0x00000007a0600000, 0x00000007c0000000)
  eden space 456192K, 0% used [0x000000076ab00000,0x000000076ab00000,0x0000000786880000)
  from space 200704K, 69% used [0x0000000793580000,0x000000079bd1a770,0x000000079f980000)
  to   space 209920K, 0% used [0x0000000786880000,0x0000000786880000,0x0000000793580000)
 ParOldGen       total 839168K, used 643709K [0x00000006c0000000, 0x00000006f3380000, 0x000000076ab00000)
  object space 839168K, 76% used [0x00000006c0000000,0x00000006e749f418,0x00000006f3380000)
 Metaspace       used 6673K, capacity 7320K, committed 7680K, reserved 1056768K
  class space    used 629K, capacity 656K, committed 768K, reserved 1048576K
}
Event: 282.546 GC heap before
{Heap before GC invocations=31 (full 6):
 PSYoungGen      total 656896K, used 595049K [0x000000076ab00000, 0x00000007a0600000, 0x00000007c0000000)
  eden space 456192K, 100% used [0x000000076ab00000,0x0000000786880000,0x0000000786880000)
  from space 200704K, 69% used [0x0000000793580000,0x000000079bd1a770,0x000000079f980000)
  to   space 209920K, 0% used [0x0000000786880000,0x0000000786880000,0x0000000793580000)
 ParOldGen       total 839168K, used 643709K [0x00000006c0000000, 0x00000006f3380000, 0x000000076ab00000)
  object space 839168K, 76% used [0x00000006c0000000,0x00000006e749f418,0x00000006f3380000)
 Metaspace       used 7042K, capacity 7672K, committed 7936K, reserved 1056768K
  class space    used 648K, capacity 688K, committed 768K, reserved 1048576K
Event: 282.782 GC heap after
Heap after GC invocations=31 (full 6):
 PSYoungGen      total 666112K, used 172176K [0x000000076ab00000, 0x00000007a3a00000, 0x00000007c0000000)
  eden space 456192K, 0% used [0x000000076ab00000,0x000000076ab00000,0x0000000786880000)
  from space 209920K, 82% used [0x0000000786880000,0x00000007910a4000,0x0000000793580000)
  to   space 229376K, 0% used [0x0000000795a00000,0x0000000795a00000,0x00000007a3a00000)
 ParOldGen       total 839168K, used 643709K [0x00000006c0000000, 0x00000006f3380000, 0x000000076ab00000)
  object space 839168K, 76% used [0x00000006c0000000,0x00000006e749f418,0x00000006f3380000)
 Metaspace       used 7042K, capacity 7672K, committed 7936K, reserved 1056768K
  class space    used 648K, capacity 688K, committed 768K, reserved 1048576K
}

Deoptimization events (10 events):
Event: 282.162 Thread 0x000000001f44f800 Uncommon trap: reason=unstable_if action=reinterpret pc=0x000000000331479c method=com.android.dx.dex.code.OutputFinisher.align64bits([Lcom/android/dx/dex/code/Dop;)V @ 237
Event: 282.923 Thread 0x000000001f44f800 Uncommon trap: reason=unstable_if action=reinterpret pc=0x000000000304c280 method=java.util.Arrays.sort([Ljava/lang/Object;IILjava/util/Comparator;)V @ 1
Event: 284.052 Thread 0x000000001f44f800 Uncommon trap: reason=unstable_if action=reinterpret pc=0x0000000002c06b7c method=java.lang.Long.numberOfTrailingZeros(J)I @ 3
Event: 284.109 Thread 0x000000001f44f800 Uncommon trap: reason=unstable_if action=reinterpret pc=0x0000000002fdac38 method=com.android.dx.util.ByteArrayAnnotatedOutput.ensureCapacity(I)V @ 6
Event: 284.110 Thread 0x000000001f44f800 Uncommon trap: reason=unstable_if action=reinterpret pc=0x00000000033482a0 method=com.android.dx.util.ByteArrayAnnotatedOutput.ensureCapacity(I)V @ 6
Event: 284.821 Thread 0x000000001f44f800 Uncommon trap: reason=bimorphic action=maybe_recompile pc=0x0000000002f46cf4 method=java.util.ComparableTimSort.countRunAndMakeAscending([Ljava/lang/Object;II)I @ 66
Event: 284.821 Thread 0x000000001f44f800 Uncommon trap: reason=bimorphic action=maybe_recompile pc=0x0000000002f46cf4 method=java.util.ComparableTimSort.countRunAndMakeAscending([Ljava/lang/Object;II)I @ 66
Event: 284.874 Thread 0x000000001f44f800 Uncommon trap: reason=unstable_if action=reinterpret pc=0x00000000031ec0cc method=com.android.dx.util.ByteArrayAnnotatedOutput.writeUleb128(I)I @ 4
Event: 284.874 Thread 0x000000001f44f800 Uncommon trap: reason=unstable_if action=reinterpret pc=0x00000000033303a4 method=com.android.dx.util.ByteArrayAnnotatedOutput.writeByte(I)V @ 13
Event: 284.975 Thread 0x000000001e2f8000 Uncommon trap: reason=unstable_if action=reinterpret pc=0x00000000035ea36c method=com.android.dx.cf.code.Ropper.processBlock(Lcom/android/dx/cf/code/ByteBlock;Lcom/android/dx/cf/code/Frame;[I)V @ 651

Internal exceptions (10 events):
Event: 2.403 Thread 0x000000001e730800 Exception <a 'java/lang/ArrayIndexOutOfBoundsException': 18> (0x000000076c708028) thrown at [C:\re\workspace\8-2-build-windows-amd64-cygwin\jdk8u74\6087\hotspot\src\share\vm\interpreter\interpreterRuntime.cpp, line 366]
Event: 2.404 Thread 0x000000001e730800 Exception <a 'java/lang/ArrayIndexOutOfBoundsException'> (0x000000076c709ba8) thrown at [C:\re\workspace\8-2-build-windows-amd64-cygwin\jdk8u74\6087\hotspot\src\share\vm\runtime\sharedRuntime.cpp, line 605]
Event: 2.405 Thread 0x000000001e730800 Exception <a 'java/lang/ArrayIndexOutOfBoundsException'> (0x000000076c70ae90) thrown at [C:\re\workspace\8-2-build-windows-amd64-cygwin\jdk8u74\6087\hotspot\src\share\vm\runtime\sharedRuntime.cpp, line 605]
Event: 11.355 Thread 0x0000000002842800 Implicit null exception at 0x0000000002ab4a54 to 0x0000000002ab53e5
Event: 12.436 Thread 0x000000001e730800 Implicit null exception at 0x0000000003013532 to 0x0000000003014c6d
Event: 69.748 Thread 0x000000001e730800 Implicit null exception at 0x0000000003542d46 to 0x0000000003543c81
Event: 69.748 Thread 0x000000001e730800 Implicit null exception at 0x00000000036589c5 to 0x0000000003658b91
Event: 215.564 Thread 0x000000001e730800 Implicit null exception at 0x0000000003645c6c to 0x0000000003645c8e
Event: 281.298 Thread 0x000000001f44f800 Implicit null exception at 0x000000000321bbf3 to 0x000000000321ebdf
Event: 282.923 Thread 0x000000001f44f800 Implicit null exception at 0x000000000304a3c3 to 0x000000000304c269

Events (10 events):
Event: 284.975 Thread 0x000000001e2f8000 Uncommon trap: trap_request=0xffffff65 fr.pc=0x00000000035ea36c
Event: 284.975 Thread 0x000000001e2f8000 DEOPT PACKING pc=0x00000000035ea36c sp=0x000000001f9feb80
Event: 284.975 Thread 0x000000001e2f8000 DEOPT UNPACKING pc=0x000000000298582a sp=0x000000001f9febd8 mode 2
Event: 285.021 loading class java/security/MessageDigestSpi
Event: 285.154 loading class java/security/MessageDigestSpi done
Event: 285.154 loading class java/security/MessageDigest done
Event: 285.154 loading class java/security/Security
Event: 285.318 loading class java/security/Security done
Event: 285.318 loading class java/security/Security$1
Event: 285.318 loading class java/security/Security$1 done


Dynamic libraries:
0x000007f69ca20000 - 0x000007f69ca57000 	C:\Program Files\Java\jdk1.8.0_74\bin\java.exe
0x000007fbbf6e0000 - 0x000007fbbf89e000 	C:\Windows\SYSTEM32\ntdll.dll
0x000007fbbeb50000 - 0x000007fbbec86000 	C:\Windows\system32\KERNEL32.DLL
0x000007fbbc950000 - 0x000007fbbca43000 	C:\Windows\system32\KERNELBASE.dll
0x000007fbbf600000 - 0x000007fbbf6de000 	C:\Windows\system32\ADVAPI32.dll
0x000007fbbd160000 - 0x000007fbbd2ac000 	C:\Windows\system32\USER32.dll
0x000007fbba030000 - 0x000007fbba299000 	C:\Windows\WinSxS\amd64_microsoft.windows.common-controls_6595b64144ccf1df_6.0.9200.16384_none_418c2a697189c07f\COMCTL32.dll
0x000007fbbd2c0000 - 0x000007fbbd365000 	C:\Windows\system32\msvcrt.dll
0x000007fbbd3b0000 - 0x000007fbbd3f8000 	C:\Windows\SYSTEM32\sechost.dll
0x000007fbbccf0000 - 0x000007fbbce30000 	C:\Windows\system32\RPCRT4.dll
0x000007fbbcf90000 - 0x000007fbbd0d0000 	C:\Windows\system32\GDI32.dll
0x000007fbbd370000 - 0x000007fbbd3a9000 	C:\Windows\system32\IMM32.DLL
0x000007fbbcb50000 - 0x000007fbbcc64000 	C:\Windows\system32\MSCTF.dll
0x0000000067420000 - 0x00000000674f2000 	C:\Program Files\Java\jdk1.8.0_74\jre\bin\msvcr100.dll
0x00000000675c0000 - 0x0000000067e50000 	C:\Program Files\Java\jdk1.8.0_74\jre\bin\server\jvm.dll
0x000007fbb5730000 - 0x000007fbb5739000 	C:\Windows\SYSTEM32\WSOCK32.dll
0x000007fbb0710000 - 0x000007fbb0730000 	C:\Windows\SYSTEM32\WINMM.dll
0x000007fbb7ad0000 - 0x000007fbb7ad9000 	C:\Windows\SYSTEM32\VERSION.dll
0x000007fbbcc80000 - 0x000007fbbcc87000 	C:\Windows\system32\PSAPI.DLL
0x000007fbbcc90000 - 0x000007fbbcce8000 	C:\Windows\system32\WS2_32.dll
0x000007fbb06d0000 - 0x000007fbb0702000 	C:\Windows\SYSTEM32\WINMMBASE.dll
0x000007fbbcc70000 - 0x000007fbbcc79000 	C:\Windows\system32\NSI.dll
0x0000000069140000 - 0x000000006914f000 	C:\Program Files\Java\jdk1.8.0_74\jre\bin\verify.dll
0x0000000069110000 - 0x0000000069139000 	C:\Program Files\Java\jdk1.8.0_74\jre\bin\java.dll
0x00000000690f0000 - 0x0000000069106000 	C:\Program Files\Java\jdk1.8.0_74\jre\bin\zip.dll
0x000007fbbd860000 - 0x000007fbbeb45000 	C:\Windows\system32\SHELL32.dll
0x000007fbbf450000 - 0x000007fbbf600000 	C:\Windows\SYSTEM32\combase.dll
0x000007fbbf400000 - 0x000007fbbf450000 	C:\Windows\system32\SHLWAPI.dll
0x000007fbba800000 - 0x000007fbba896000 	C:\Windows\SYSTEM32\SHCORE.dll
0x000007fbbc610000 - 0x000007fbbc625000 	C:\Windows\SYSTEM32\profapi.dll

VM Arguments:
jvm_args: -Djava.awt.headless=true -Xmx4g -Dfile.encoding=windows-1252 -Duser.country=US -Duser.language=en -Duser.variant 
java_command: com.android.dx.command.Main --dex --num-threads=4 --multi-dex --main-dex-list C:\Users\WIN 8 64BIT\Documents\finalproject-android\FinalProject\app\build\intermediates\multi-dex\debug\maindexlist.txt --output C:\Users\WIN 8 64BIT\Documents\finalproject-android\FinalProject\app\build\intermediates\transforms\dex\debug\folders\1000\1f\main C:\Users\WIN 8 64BIT\Documents\finalproject-android\FinalProject\app\build\intermediates\transforms\jarMerging\debug\jars\1\1f\combined.jar
java_class_path (initial): E:\AndroidStudio\sdk\build-tools\23.0.3\lib\dx.jar
Launcher Type: SUN_STANDARD

Environment Variables:
JAVA_HOME=C:\Program Files\Java\jdk1.8.0_74
PATH=C:\Program Files (x86)\Heroku\bin;C:\Program Files (x86)\git\cmd;C:\Program Files (x86)\Git\cmd;C:\Program Files (x86)\Skype\Phone\;C:\wamp64\bin\php\php7.0.0
USERNAME=WIN 8 64BIT
OS=Windows_NT
PROCESSOR_IDENTIFIER=Intel64 Family 6 Model 69 Stepping 1, GenuineIntel



---------------  S Y S T E M  ---------------

OS: Windows 8 , 64 bit Build 9200 (6.2.9200.16384)

CPU:total 4 (2 cores per cpu, 2 threads per core) family 6 model 69 stepping 1, cmov, cx8, fxsr, mmx, sse, sse2, sse3, ssse3, sse4.1, sse4.2, popcnt, avx, avx2, aes, clmul, erms, lzcnt, ht, tsc, tscinvbit, bmi1, bmi2

Memory: 4k page, physical 3912044k(146404k free), swap 8501140k(4940k free)

vm_info: Java HotSpot(TM) 64-Bit Server VM (25.74-b02) for windows-amd64 JRE (1.8.0_74-b02), built on Jan 29 2016 17:42:36 by "java_re" with MS VC++ 10.0 (VS2010)

time: Sun Jun 19 22:53:30 2016
elapsed time: 287 seconds (0d 0h 4m 47s)

